[debug] [2022-09-03T03:12:59.096Z] ----------------------------------------------------------------------
[debug] [2022-09-03T03:12:59.099Z] Command:       /home/indra/.nvm/versions/node/v16.16.0/bin/node /home/indra/.nvm/versions/node/v16.16.0/bin/firebase init
[debug] [2022-09-03T03:12:59.099Z] CLI Version:   11.6.0
[debug] [2022-09-03T03:12:59.099Z] Platform:      linux
[debug] [2022-09-03T03:12:59.100Z] Node Version:  v16.16.0
[debug] [2022-09-03T03:12:59.104Z] Time:          Sat Sep 03 2022 10:12:59 GMT+0700 (Western Indonesia Time)
[debug] [2022-09-03T03:12:59.105Z] ----------------------------------------------------------------------
[debug] 
[debug] [2022-09-03T03:12:59.109Z] >>> [apiv2][query] GET https://firebase-public.firebaseio.com/cli.json [none]
[debug] [2022-09-03T03:12:59.133Z] > command requires scopes: ["email","openid","https://www.googleapis.com/auth/cloudplatformprojects.readonly","https://www.googleapis.com/auth/firebase","https://www.googleapis.com/auth/cloud-platform"]
[debug] [2022-09-03T03:12:59.133Z] > authorizing via signed-in user (notindrapratama@gmail.com)
[info] 
     ######## #### ########  ######## ########     ###     ######  ########
     ##        ##  ##     ## ##       ##     ##  ##   ##  ##       ##
     ######    ##  ########  ######   ########  #########  ######  ######
     ##        ##  ##    ##  ##       ##     ## ##     ##       ## ##
     ##       #### ##     ## ######## ########  ##     ##  ######  ########

You're about to initialize a Firebase project in this directory:

  /home/indra/github/indra-is.my.id

[debug] [2022-09-03T03:13:00.093Z] <<< [apiv2][status] GET https://firebase-public.firebaseio.com/cli.json 200
[debug] [2022-09-03T03:13:00.093Z] <<< [apiv2][body] GET https://firebase-public.firebaseio.com/cli.json {"cloudBuildErrorAfter":1594252800000,"cloudBuildWarnAfter":1590019200000,"defaultNode10After":1594252800000,"minVersion":"3.0.5","node8DeploysDisabledAfter":1613390400000,"node8RuntimeDisabledAfter":1615809600000,"node8WarnAfter":1600128000000}
[info] 
=== Project Setup
[info] 
[info] First, let's associate this project directory with a Firebase project.
[info] You can create multiple project aliases by running firebase use --add, 
[info] but for now we'll just set up a default project.
[info] 
[debug] [2022-09-03T03:13:20.281Z] > refreshing access token with scopes: []
[debug] [2022-09-03T03:13:20.283Z] >>> [apiv2][query] POST https://www.googleapis.com/oauth2/v3/token [none]
[debug] [2022-09-03T03:13:20.283Z] >>> [apiv2][body] POST https://www.googleapis.com/oauth2/v3/token [omitted]
[debug] [2022-09-03T03:13:20.759Z] <<< [apiv2][status] POST https://www.googleapis.com/oauth2/v3/token 200
[debug] [2022-09-03T03:13:20.759Z] <<< [apiv2][body] POST https://www.googleapis.com/oauth2/v3/token [omitted]
[debug] [2022-09-03T03:13:20.786Z] >>> [apiv2][query] GET https://firebase.googleapis.com/v1beta1/projects pageSize=100
[debug] [2022-09-03T03:13:21.747Z] <<< [apiv2][status] GET https://firebase.googleapis.com/v1beta1/projects 200
[debug] [2022-09-03T03:13:21.747Z] <<< [apiv2][body] GET https://firebase.googleapis.com/v1beta1/projects [omitted]
[info] i  Using project indra-p-putra (indra-p-putra) 
[info] 
=== Hosting Setup
[info] 
[info] Your public directory is the folder (relative to your project directory) that
[info] will contain Hosting assets to be uploaded with firebase deploy. If you
[info] have a build process for your assets, use your build's output directory.
[info] 
[info] ✔  Wrote dist/404.html 
[debug] [2022-09-03T03:14:42.958Z] >>> [apiv2][query] GET https://www.gstatic.com/firebasejs/releases.json [none]
[debug] [2022-09-03T03:14:43.097Z] <<< [apiv2][status] GET https://www.gstatic.com/firebasejs/releases.json 200
[debug] [2022-09-03T03:14:43.097Z] <<< [apiv2][body] GET https://www.gstatic.com/firebasejs/releases.json {"current":{"version":"9.9.4","browserURL":"https://www.gstatic.com/firebasejs/9.9.4/firebase.js","packageURL":"https://www.gstatic.com/firebasejs/9.9.4/firebase.tgz"},"live":{"version":"9.9","browserURL":"https://www.gstatic.com/firebasejs/live/9.9/firebase.js","packageURL":"https://www.gstatic.com/firebasejs/live/9.9/firebase.tgz"},"components":{"analytics":"https://www.gstatic.com/firebasejs/9.9.4/firebase-analytics.js","app":"https://www.gstatic.com/firebasejs/9.9.4/firebase-app.js","app-check":"https://www.gstatic.com/firebasejs/9.9.4/firebase-app-check.js","auth":"https://www.gstatic.com/firebasejs/9.9.4/firebase-auth.js","auth/cordova":"https://www.gstatic.com/firebasejs/9.9.4/firebase-auth/cordova.js","auth/react-native":"https://www.gstatic.com/firebasejs/9.9.4/firebase-auth/react-native.js","functions":"https://www.gstatic.com/firebasejs/9.9.4/firebase-functions.js","firestore":"https://www.gstatic.com/firebasejs/9.9.4/firebase-firestore.js","firestore/lite":"https://www.gstatic.com/firebasejs/9.9.4/firebase-firestore/lite.js","installations":"https://www.gstatic.com/firebasejs/9.9.4/firebase-installations.js","storage":"https://www.gstatic.com/firebasejs/9.9.4/firebase-storage.js","performance":"https://www.gstatic.com/firebasejs/9.9.4/firebase-performance.js","remote-config":"https://www.gstatic.com/firebasejs/9.9.4/firebase-remote-config.js","messaging":"https://www.gstatic.com/firebasejs/9.9.4/firebase-messaging.js","messaging/sw":"https://www.gstatic.com/firebasejs/9.9.4/firebase-messaging/sw.js","database":"https://www.gstatic.com/firebasejs/9.9.4/firebase-database.js","firestore.memory":"https://www.gstatic.com/firebasejs/9.9.4/firebase-firestore.memory.js"}}
[info] ✔  Wrote dist/index.html 
[info] 
[info] i  Detected a .git folder at /home/indra/github/indra-is.my.id 
[info] i  Authorizing with GitHub to upload your service account to a GitHub repository's secrets store. 
[info] 
[info] Visit this URL on this device to log in:
[info] https://github.com/login/oauth/authorize?client_id=89cf50f02ac6aaed3484&state=933341612&redirect_uri=http%3A%2F%2Flocalhost%3A9005&scope=read%3Auser%20repo%20public_repo
[info] 
[info] Waiting for authentication...
[debug] [2022-09-03T03:14:44.051Z] >>> [apiv2][query] POST https://github.com/login/oauth/access_token [none]
[debug] [2022-09-03T03:14:44.051Z] >>> [apiv2][body] POST https://github.com/login/oauth/access_token [stream]
[debug] [2022-09-03T03:14:44.479Z] <<< [apiv2][status] POST https://github.com/login/oauth/access_token 200
[debug] [2022-09-03T03:14:44.479Z] <<< [apiv2][body] POST https://github.com/login/oauth/access_token {"access_token":"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","token_type":"bearer","scope":"read:user,repo"}
[debug] [2022-09-03T03:14:44.487Z] >>> [apiv2][query] GET https://api.github.com/user [none]
[debug] [2022-09-03T03:14:44.945Z] <<< [apiv2][status] GET https://api.github.com/user 200
[debug] [2022-09-03T03:14:44.945Z] <<< [apiv2][body] GET https://api.github.com/user {"login":"indraptama","id":2285628,"node_id":"MDQ6VXNlcjIyODU2Mjg=","avatar_url":"https://avatars.githubusercontent.com/u/2285628?v=4","gravatar_id":"","url":"https://api.github.com/users/indraptama","html_url":"https://github.com/indraptama","followers_url":"https://api.github.com/users/indraptama/followers","following_url":"https://api.github.com/users/indraptama/following{/other_user}","gists_url":"https://api.github.com/users/indraptama/gists{/gist_id}","starred_url":"https://api.github.com/users/indraptama/starred{/owner}{/repo}","subscriptions_url":"https://api.github.com/users/indraptama/subscriptions","organizations_url":"https://api.github.com/users/indraptama/orgs","repos_url":"https://api.github.com/users/indraptama/repos","events_url":"https://api.github.com/users/indraptama/events{/privacy}","received_events_url":"https://api.github.com/users/indraptama/received_events","type":"User","site_admin":false,"name":"Indra Pratama Putra","company":null,"blog":"indra-is.my.id","location":"Bandung, Indonesia","email":null,"hireable":null,"bio":"fall in love with JS, HTML, CSS, Dart & Rust","twitter_username":null,"public_repos":47,"public_gists":5,"followers":0,"following":1,"created_at":"2012-09-05T15:11:56Z","updated_at":"2022-08-22T23:21:20Z","private_gists":7,"total_private_repos":26,"owned_private_repos":26,"disk_usage":544525,"collaborators":0,"two_factor_authentication":false,"plan":{"name":"free","space":976562499,"collaborators":0,"private_repos":10000}}
[info] 
[info] ✔  Success! Logged into GitHub as indraptama 
[info] 
